<?xml version="1.0" encoding="UTF-8"?>
<testng-results ignored="0" total="2" passed="2" failed="0" skipped="0">
  <reporter-output>
  </reporter-output>
  <suite started-at="2021-09-06T13:40:03 IST" name="Default suite" finished-at="2021-09-06T13:40:16 IST" duration-ms="13573">
    <groups>
    </groups>
    <test started-at="2021-09-06T13:40:03 IST" name="Default test" finished-at="2021-09-06T13:40:16 IST" duration-ms="13573">
      <class name="demowebshoptests.AssertionDemo">
        <test-method is-config="true" signature="setbrowser()[pri:0, instance:demowebshoptests.AssertionDemo@e7edb54]" started-at="2021-09-06T13:40:03 IST" name="setbrowser" finished-at="2021-09-06T13:40:10 IST" duration-ms="7269" status="PASS">
          <reporter-output>
          </reporter-output>
        </test-method> <!-- setbrowser -->
        <test-method signature="checkurl()[pri:0, instance:demowebshoptests.AssertionDemo@e7edb54]" started-at="2021-09-06T13:40:10 IST" name="checkurl" finished-at="2021-09-06T13:40:10 IST" duration-ms="72" status="PASS">
          <reporter-output>
          </reporter-output>
        </test-method> <!-- checkurl -->
        <test-method is-config="true" signature="closebrowser()[pri:0, instance:demowebshoptests.AssertionDemo@e7edb54]" started-at="2021-09-06T13:40:10 IST" name="closebrowser" finished-at="2021-09-06T13:40:11 IST" duration-ms="631" status="PASS">
          <reporter-output>
          </reporter-output>
        </test-method> <!-- closebrowser -->
        <test-method is-config="true" signature="setbrowser()[pri:0, instance:demowebshoptests.AssertionDemo@e7edb54]" started-at="2021-09-06T13:40:11 IST" name="setbrowser" finished-at="2021-09-06T13:40:16 IST" duration-ms="4985" status="PASS">
          <reporter-output>
          </reporter-output>
        </test-method> <!-- setbrowser -->
        <test-method signature="checklogo()[pri:1, instance:demowebshoptests.AssertionDemo@e7edb54]" started-at="2021-09-06T13:40:16 IST" name="checklogo" finished-at="2021-09-06T13:40:16 IST" duration-ms="222" status="PASS">
          <reporter-output>
          </reporter-output>
        </test-method> <!-- checklogo -->
        <test-method is-config="true" signature="closebrowser()[pri:0, instance:demowebshoptests.AssertionDemo@e7edb54]" started-at="2021-09-06T13:40:16 IST" name="closebrowser" finished-at="2021-09-06T13:40:16 IST" duration-ms="280" status="PASS">
          <reporter-output>
          </reporter-output>
        </test-method> <!-- closebrowser -->
      </class> <!-- demowebshoptests.AssertionDemo -->
    </test> <!-- Default test -->
  </suite> <!-- Default suite -->
</testng-results>
